Build started 2016/10/31 22:19:58.
     1>Project "E:\VC_workspace\tool_BWBit_Create\tool_BWBit_Create\tool_BWBit_Create.vcxproj" on node 2 (build target(s)).
     1>InitializeBuildStatus:
         Creating "Debug\tool_BWBit_Create.unsuccessfulbuild" because "AlwaysCreate" was specified.
       GenerateTargetFrameworkMonikerAttribute:
       Skipping target "GenerateTargetFrameworkMonikerAttribute" because all output files are up-to-date with respect to the input files.
       ClCompile:
         All outputs are up-to-date.
         C:\Program Files (x86)\Microsoft Visual Studio 10.0\VC\bin\CL.exe /c /AI"C:\Program Files (x86)\Reference Assemblies\Microsoft\Framework\.NETFramework\v4.0" /Zi /clr /nologo /W3 /WX- /Od /Oy- /D WIN32 /D _DEBUG /D _UNICODE /D UNICODE /EHa /MDd /GS /fp:precise /Zc:wchar_t /Zc:forScope /Yu"StdAfx.h" /Fp"Debug\tool_BWBit_Create.pch" /Fo"Debug\\" /Fd"Debug\vc100.pdb" /TP /FU"C:\Program Files (x86)\Reference Assemblies\Microsoft\Framework\.NETFramework\v4.0\System.Core.dll" /FU"C:\Program Files (x86)\Reference Assemblies\Microsoft\Framework\.NETFramework\v4.0\System.Data.dll" /FU"C:\Program Files (x86)\Reference Assemblies\Microsoft\Framework\.NETFramework\v4.0\System.dll" /FU"C:\Program Files (x86)\Reference Assemblies\Microsoft\Framework\.NETFramework\v4.0\System.Xml.dll" /analyze- /errorReport:prompt tool_BWBit_Create.cpp /clr:nostdlib 
         tool_BWBit_Create.cpp
     1>tool_BWBit_Create.cpp(36): warning C4244: 'argument' : conversion from 'float' to 'unsigned int', possible loss of data
     1>tool_BWBit_Create.cpp(36): warning C4244: 'argument' : conversion from 'float' to 'unsigned int', possible loss of data
         All outputs are up-to-date.
       ResourceCompile:
         All outputs are up-to-date.
       Link:
         C:\Program Files (x86)\Microsoft Visual Studio 10.0\VC\bin\link.exe /ERRORREPORT:PROMPT /OUT:"E:\VC_workspace\tool_BWBit_Create\Debug\tool_BWBit_Create.exe" /INCREMENTAL /NOLOGO /MANIFEST /ManifestFile:"Debug\tool_BWBit_Create.exe.intermediate.manifest" /MANIFESTUAC:"level='asInvoker' uiAccess='false'" /DEBUG /PDB:"E:\VC_workspace\tool_BWBit_Create\Debug\tool_BWBit_Create.pdb" /ASSEMBLYDEBUG /TLBID:1 /DYNAMICBASE /FIXED:NO /NXCOMPAT /MACHINE:X86 Debug\app.res
         Debug\AssemblyInfo.obj
         Debug\stdafx.obj
         Debug\tool_BWBit_Create.obj
         "Debug\.NETFramework,Version=v4.0.AssemblyAttributes.obj"
         tool_BWBit_Create.vcxproj -> E:\VC_workspace\tool_BWBit_Create\Debug\tool_BWBit_Create.exe
       Manifest:
         C:\Program Files (x86)\Microsoft SDKs\Windows\v7.0A\bin\mt.exe /nologo /verbose /outputresource:"E:\VC_workspace\tool_BWBit_Create\Debug\tool_BWBit_Create.exe;#1" /manifest Debug\tool_BWBit_Create.exe.intermediate.manifest
       FinalizeBuildStatus:
         Deleting file "Debug\tool_BWBit_Create.unsuccessfulbuild".
         Touching "Debug\tool_BWBit_Create.lastbuildstate".
     1>Done Building Project "E:\VC_workspace\tool_BWBit_Create\tool_BWBit_Create\tool_BWBit_Create.vcxproj" (build target(s)).

Build succeeded.

Time Elapsed 00:00:00.96
