E:\VC_WORKSPACE\TOOL_BWBIT_CREATE\DEBUG\TOOL_BWBIT_CREATE.EXE
E:\VC_WORKSPACE\TOOL_BWBIT_CREATE\DEBUG\TOOL_BWBIT_CREATE.ILK
E:\VC_WORKSPACE\TOOL_BWBIT_CREATE\DEBUG\TOOL_BWBIT_CREATE.PDB
E:\VC_workspace\tool_BWBit_Create\tool_BWBit_Create\Debug\.NETFramework,Version=v4.0.AssemblyAttributes.obj
E:\VC_WORKSPACE\TOOL_BWBIT_CREATE\TOOL_BWBIT_CREATE\DEBUG\APP.RES
E:\VC_WORKSPACE\TOOL_BWBIT_CREATE\TOOL_BWBIT_CREATE\DEBUG\ASSEMBLYINFO.OBJ
E:\VC_workspace\tool_BWBit_Create\tool_BWBit_Create\Debug\cl.command.1.tlog
E:\VC_workspace\tool_BWBit_Create\tool_BWBit_Create\Debug\CL.read.1.tlog
E:\VC_workspace\tool_BWBit_Create\tool_BWBit_Create\Debug\CL.write.1.tlog
E:\VC_workspace\tool_BWBit_Create\tool_BWBit_Create\Debug\link.1016.read.1.tlog
E:\VC_workspace\tool_BWBit_Create\tool_BWBit_Create\Debug\link.1016.write.1.tlog
E:\VC_workspace\tool_BWBit_Create\tool_BWBit_Create\Debug\link.1016-cvtres.read.1.tlog
E:\VC_workspace\tool_BWBit_Create\tool_BWBit_Create\Debug\link.1016-cvtres.write.1.tlog
E:\VC_workspace\tool_BWBit_Create\tool_BWBit_Create\Debug\link.10180.read.1.tlog
E:\VC_workspace\tool_BWBit_Create\tool_BWBit_Create\Debug\link.10180.write.1.tlog
E:\VC_workspace\tool_BWBit_Create\tool_BWBit_Create\Debug\link.10180-cvtres.read.1.tlog
E:\VC_workspace\tool_BWBit_Create\tool_BWBit_Create\Debug\link.10180-cvtres.write.1.tlog
E:\VC_workspace\tool_BWBit_Create\tool_BWBit_Create\Debug\link.12920.read.1.tlog
E:\VC_workspace\tool_BWBit_Create\tool_BWBit_Create\Debug\link.12920.write.1.tlog
E:\VC_workspace\tool_BWBit_Create\tool_BWBit_Create\Debug\link.12920-cvtres.read.1.tlog
E:\VC_workspace\tool_BWBit_Create\tool_BWBit_Create\Debug\link.12920-cvtres.write.1.tlog
E:\VC_workspace\tool_BWBit_Create\tool_BWBit_Create\Debug\link.13692.read.1.tlog
E:\VC_workspace\tool_BWBit_Create\tool_BWBit_Create\Debug\link.13692.write.1.tlog
E:\VC_workspace\tool_BWBit_Create\tool_BWBit_Create\Debug\link.13692-cvtres.read.1.tlog
E:\VC_workspace\tool_BWBit_Create\tool_BWBit_Create\Debug\link.13692-cvtres.write.1.tlog
E:\VC_workspace\tool_BWBit_Create\tool_BWBit_Create\Debug\link.13764.read.1.tlog
E:\VC_workspace\tool_BWBit_Create\tool_BWBit_Create\Debug\link.13764.write.1.tlog
E:\VC_workspace\tool_BWBit_Create\tool_BWBit_Create\Debug\link.13764-cvtres.read.1.tlog
E:\VC_workspace\tool_BWBit_Create\tool_BWBit_Create\Debug\link.13764-cvtres.write.1.tlog
E:\VC_workspace\tool_BWBit_Create\tool_BWBit_Create\Debug\link.15512.read.1.tlog
E:\VC_workspace\tool_BWBit_Create\tool_BWBit_Create\Debug\link.15512.write.1.tlog
E:\VC_workspace\tool_BWBit_Create\tool_BWBit_Create\Debug\link.15512-cvtres.read.1.tlog
E:\VC_workspace\tool_BWBit_Create\tool_BWBit_Create\Debug\link.15512-cvtres.write.1.tlog
E:\VC_workspace\tool_BWBit_Create\tool_BWBit_Create\Debug\link.15932.read.1.tlog
E:\VC_workspace\tool_BWBit_Create\tool_BWBit_Create\Debug\link.15932.write.1.tlog
E:\VC_workspace\tool_BWBit_Create\tool_BWBit_Create\Debug\link.15932-cvtres.read.1.tlog
E:\VC_workspace\tool_BWBit_Create\tool_BWBit_Create\Debug\link.15932-cvtres.write.1.tlog
E:\VC_workspace\tool_BWBit_Create\tool_BWBit_Create\Debug\link.16936.read.1.tlog
E:\VC_workspace\tool_BWBit_Create\tool_BWBit_Create\Debug\link.16936.write.1.tlog
E:\VC_workspace\tool_BWBit_Create\tool_BWBit_Create\Debug\link.16936-cvtres.read.1.tlog
E:\VC_workspace\tool_BWBit_Create\tool_BWBit_Create\Debug\link.16936-cvtres.write.1.tlog
E:\VC_workspace\tool_BWBit_Create\tool_BWBit_Create\Debug\link.17624.read.1.tlog
E:\VC_workspace\tool_BWBit_Create\tool_BWBit_Create\Debug\link.17624.write.1.tlog
E:\VC_workspace\tool_BWBit_Create\tool_BWBit_Create\Debug\link.17624-cvtres.read.1.tlog
E:\VC_workspace\tool_BWBit_Create\tool_BWBit_Create\Debug\link.17624-cvtres.write.1.tlog
E:\VC_workspace\tool_BWBit_Create\tool_BWBit_Create\Debug\link.19232.read.1.tlog
E:\VC_workspace\tool_BWBit_Create\tool_BWBit_Create\Debug\link.19232.write.1.tlog
E:\VC_workspace\tool_BWBit_Create\tool_BWBit_Create\Debug\link.19232-cvtres.read.1.tlog
E:\VC_workspace\tool_BWBit_Create\tool_BWBit_Create\Debug\link.19232-cvtres.write.1.tlog
E:\VC_workspace\tool_BWBit_Create\tool_BWBit_Create\Debug\link.2168.read.1.tlog
E:\VC_workspace\tool_BWBit_Create\tool_BWBit_Create\Debug\link.2168.write.1.tlog
E:\VC_workspace\tool_BWBit_Create\tool_BWBit_Create\Debug\link.2168-cvtres.read.1.tlog
E:\VC_workspace\tool_BWBit_Create\tool_BWBit_Create\Debug\link.2168-cvtres.write.1.tlog
E:\VC_workspace\tool_BWBit_Create\tool_BWBit_Create\Debug\link.9580.read.1.tlog
E:\VC_workspace\tool_BWBit_Create\tool_BWBit_Create\Debug\link.9580.write.1.tlog
E:\VC_workspace\tool_BWBit_Create\tool_BWBit_Create\Debug\link.9580-cvtres.read.1.tlog
E:\VC_workspace\tool_BWBit_Create\tool_BWBit_Create\Debug\link.9580-cvtres.write.1.tlog
E:\VC_workspace\tool_BWBit_Create\tool_BWBit_Create\Debug\link.9908.read.1.tlog
E:\VC_workspace\tool_BWBit_Create\tool_BWBit_Create\Debug\link.9908.write.1.tlog
E:\VC_workspace\tool_BWBit_Create\tool_BWBit_Create\Debug\link.9908-cvtres.read.1.tlog
E:\VC_workspace\tool_BWBit_Create\tool_BWBit_Create\Debug\link.9908-cvtres.write.1.tlog
E:\VC_workspace\tool_BWBit_Create\tool_BWBit_Create\Debug\link.command.1.tlog
E:\VC_workspace\tool_BWBit_Create\tool_BWBit_Create\Debug\link.read.1.tlog
E:\VC_workspace\tool_BWBit_Create\tool_BWBit_Create\Debug\link.write.1.tlog
E:\VC_workspace\tool_BWBit_Create\tool_BWBit_Create\Debug\mt.command.1.tlog
E:\VC_workspace\tool_BWBit_Create\tool_BWBit_Create\Debug\mt.read.1.tlog
E:\VC_workspace\tool_BWBit_Create\tool_BWBit_Create\Debug\mt.write.1.tlog
E:\VC_workspace\tool_BWBit_Create\tool_BWBit_Create\Debug\rc.command.1.tlog
E:\VC_workspace\tool_BWBit_Create\tool_BWBit_Create\Debug\rc.read.1.tlog
E:\VC_workspace\tool_BWBit_Create\tool_BWBit_Create\Debug\rc.write.1.tlog
E:\VC_WORKSPACE\TOOL_BWBIT_CREATE\TOOL_BWBIT_CREATE\DEBUG\STDAFX.OBJ
E:\VC_WORKSPACE\TOOL_BWBIT_CREATE\TOOL_BWBIT_CREATE\DEBUG\TOOL_BWBIT_CREATE.EXE.INTERMEDIATE.MANIFEST
E:\VC_workspace\tool_BWBit_Create\tool_BWBit_Create\Debug\tool_BWBit_Create.obj
E:\VC_WORKSPACE\TOOL_BWBIT_CREATE\TOOL_BWBIT_CREATE\DEBUG\TOOL_BWBIT_CREATE.PCH
E:\VC_workspace\tool_BWBit_Create\tool_BWBit_Create\Debug\tool_BWBit_Create.vcxprojResolveAssemblyReference.cache
E:\VC_workspace\tool_BWBit_Create\tool_BWBit_Create\Debug\tool_BWBit_Create.write.1.tlog
E:\VC_WORKSPACE\TOOL_BWBIT_CREATE\TOOL_BWBIT_CREATE\DEBUG\VC100.PDB
E:\VC_WORKSPACE\TOOL_BWBIT_DOC\TOOL_BWBIT_CREATE\DEBUG\TOOL_BWBIT_CREATE.EXE
E:\VC_WORKSPACE\TOOL_BWBIT_DOC\TOOL_BWBIT_CREATE\DEBUG\TOOL_BWBIT_CREATE.ILK
E:\VC_WORKSPACE\TOOL_BWBIT_DOC\TOOL_BWBIT_CREATE\DEBUG\TOOL_BWBIT_CREATE.PDB
E:\VC_WORKSPACE\TOOL_BWBIT_DOC\TOOL_BWBIT_CREATE\TOOL_BWBIT_CREATE\DEBUG\.NETFRAMEWORK,VERSION=V4.0.ASSEMBLYATTRIBUTES.OBJ
E:\VC_WORKSPACE\TOOL_BWBIT_DOC\TOOL_BWBIT_CREATE\TOOL_BWBIT_CREATE\DEBUG\APP.RES
E:\VC_WORKSPACE\TOOL_BWBIT_DOC\TOOL_BWBIT_CREATE\TOOL_BWBIT_CREATE\DEBUG\ASSEMBLYINFO.OBJ
E:\VC_WORKSPACE\TOOL_BWBIT_DOC\TOOL_BWBIT_CREATE\TOOL_BWBIT_CREATE\DEBUG\STDAFX.OBJ
E:\VC_WORKSPACE\TOOL_BWBIT_DOC\TOOL_BWBIT_CREATE\TOOL_BWBIT_CREATE\DEBUG\TOOL_BWBIT_CREATE.EXE.INTERMEDIATE.MANIFEST
E:\VC_WORKSPACE\TOOL_BWBIT_DOC\TOOL_BWBIT_CREATE\TOOL_BWBIT_CREATE\DEBUG\TOOL_BWBIT_CREATE.OBJ
E:\VC_WORKSPACE\TOOL_BWBIT_DOC\TOOL_BWBIT_CREATE\TOOL_BWBIT_CREATE\DEBUG\TOOL_BWBIT_CREATE.PCH
E:\VC_WORKSPACE\TOOL_BWBIT_DOC\TOOL_BWBIT_CREATE\TOOL_BWBIT_CREATE\DEBUG\VC100.PDB
